# JRE version: Java(TM) SE Runtime Environment 18.9 (11.0.11+9) (build 11.0.11+9-LTS-194)
# Java VM: Java HotSpot(TM) 64-Bit Server VM 18.9 (11.0.11+9-LTS-194, mixed mode, tiered, compressed oops, g1 gc, windows-amd64)
Heap:
 garbage-first heap   total 98304K, used 24259K [0x00000000a1400000, 0x0000000100000000)
  region size 1024K, 19 young (19456K), 3 survivors (3072K)
 Metaspace       used 25902K, capacity 26277K, committed 26544K, reserved 1073152K
  class space    used 2549K, capacity 2694K, committed 2816K, reserved 1048576K
GC Heap History (8 events):
Event: 1.449 GC heap before
{Heap before GC invocations=0 (full 0):
 garbage-first heap   total 98304K, used 24576K [0x00000000a1400000, 0x0000000100000000)
  region size 1024K, 24 young (24576K), 0 survivors (0K)
 Metaspace       used 12028K, capacity 12240K, committed 12416K, reserved 1060864K
  class space    used 1088K, capacity 1136K, committed 1152K, reserved 1048576K
}
Event: 1.457 GC heap after
{Heap after GC invocations=1 (full 0):
 garbage-first heap   total 98304K, used 6837K [0x00000000a1400000, 0x0000000100000000)
  region size 1024K, 3 young (3072K), 3 survivors (3072K)
 Metaspace       used 12028K, capacity 12240K, committed 12416K, reserved 1060864K
  class space    used 1088K, capacity 1136K, committed 1152K, reserved 1048576K
}
Event: 63.210 GC heap before
{Heap before GC invocations=1 (full 0):
 garbage-first heap   total 98304K, used 61109K [0x00000000a1400000, 0x0000000100000000)
  region size 1024K, 57 young (58368K), 3 survivors (3072K)
 Metaspace       used 19510K, capacity 19827K, committed 19968K, reserved 1067008K
  class space    used 1899K, capacity 1993K, committed 2048K, reserved 1048576K
}
Event: 63.217 GC heap after
{Heap after GC invocations=2 (full 0):
 garbage-first heap   total 98304K, used 8079K [0x00000000a1400000, 0x0000000100000000)
  region size 1024K, 5 young (5120K), 5 survivors (5120K)
 Metaspace       used 19510K, capacity 19827K, committed 19968K, reserved 1067008K
  class space    used 1899K, capacity 1993K, committed 2048K, reserved 1048576K
}
Event: 63.332 GC heap before
{Heap before GC invocations=2 (full 0):
 garbage-first heap   total 98304K, used 22415K [0x00000000a1400000, 0x0000000100000000)
  region size 1024K, 20 young (20480K), 5 survivors (5120K)
 Metaspace       used 20899K, capacity 21171K, committed 21296K, reserved 1069056K
  class space    used 2008K, capacity 2121K, committed 2176K, reserved 1048576K
}
Event: 63.337 GC heap after
{Heap after GC invocations=3 (full 0):
 garbage-first heap   total 98304K, used 8227K [0x00000000a1400000, 0x0000000100000000)
  region size 1024K, 2 young (2048K), 2 survivors (2048K)
 Metaspace       used 20899K, capacity 21171K, committed 21296K, reserved 1069056K
  class space    used 2008K, capacity 2121K, committed 2176K, reserved 1048576K
}
Event: 1443.524 GC heap before
{Heap before GC invocations=4 (full 0):
 garbage-first heap   total 98304K, used 64547K [0x00000000a1400000, 0x0000000100000000)
  region size 1024K, 57 young (58368K), 2 survivors (2048K)
 Metaspace       used 25699K, capacity 26076K, committed 26288K, reserved 1073152K
  class space    used 2546K, capacity 2692K, committed 2816K, reserved 1048576K
}
Event: 1443.576 GC heap after
{Heap after GC invocations=5 (full 0):
 garbage-first heap   total 98304K, used 8899K [0x00000000a1400000, 0x0000000100000000)
  region size 1024K, 3 young (3072K), 3 survivors (3072K)
 Metaspace       used 25699K, capacity 26076K, committed 26288K, reserved 1073152K
  class space    used 2546K, capacity 2692K, committed 2816K, reserved 1048576K
}

